NC_015119.1:1426-2962	gi|392282155|gb|AFM53696.1|	142
NC_015119.1:1426-2962	gi|338970774|gb|AEJ33700.1|	139
NC_015119.1:1426-2962	gi|338970778|gb|AEJ33702.1|	139
NC_015119.1:1426-2962	gi|338970782|gb|AEJ33704.1|	139
NC_015119.1:1426-2962	gi|338970786|gb|AEJ33706.1|	139
NC_015119.1:1426-2962	gi|338970790|gb|AEJ33708.1|	139
NC_015119.1:1426-2962	gi|338970794|gb|AEJ33710.1|	139
NC_015119.1:1426-2962	gi|338970798|gb|AEJ33712.1|	139
NC_015119.1:1426-2962	gi|338970802|gb|AEJ33714.1|	139
NC_015119.1:1426-2962	gi|338970806|gb|AEJ33716.1|	139
NC_015119.1:1426-2962	gi|338970814|gb|AEJ33720.1|	139
NC_015119.1:1426-2962	gi|338970818|gb|AEJ33722.1|	139
NC_015119.1:1426-2962	gi|338970846|gb|AEJ33736.1|	139
NC_015119.1:1426-2962	gi|338970850|gb|AEJ33738.1|	139
NC_015119.1:1426-2962	gi|338970854|gb|AEJ33740.1|	139
NC_015119.1:1426-2962	gi|338970878|gb|AEJ33752.1|	139
NC_015119.1:1426-2962	gi|338970882|gb|AEJ33754.1|	139
NC_015119.1:1426-2962	gi|338970886|gb|AEJ33756.1|	139
NC_015119.1:1426-2962	gi|338970890|gb|AEJ33758.1|	139
NC_015119.1:1426-2962	gi|338970894|gb|AEJ33760.1|	139
NC_015119.1:1426-2962	gi|338970898|gb|AEJ33762.1|	139
NC_015119.1:1426-2962	gi|338970902|gb|AEJ33764.1|	139
NC_015119.1:1426-2962	gi|338970906|gb|AEJ33766.1|	139
NC_015119.1:1426-2962	gi|338970768|gb|AEJ33697.1|	139
NC_015119.1:1426-2962	gi|338970772|gb|AEJ33699.1|	139
NC_015119.1:1426-2962	gi|338970776|gb|AEJ33701.1|	139
NC_015119.1:1426-2962	gi|338970780|gb|AEJ33703.1|	139
NC_015119.1:1426-2962	gi|338970784|gb|AEJ33705.1|	139
NC_015119.1:1426-2962	gi|338970792|gb|AEJ33709.1|	139
NC_015119.1:1426-2962	gi|338970796|gb|AEJ33711.1|	139
NC_015119.1:1426-2962	gi|338970800|gb|AEJ33713.1|	139
NC_015119.1:1426-2962	gi|338970804|gb|AEJ33715.1|	139
NC_015119.1:1426-2962	gi|338970816|gb|AEJ33721.1|	139
NC_015119.1:1426-2962	gi|338970844|gb|AEJ33735.1|	139
NC_015119.1:1426-2962	gi|338970848|gb|AEJ33737.1|	139
NC_015119.1:1426-2962	gi|338970852|gb|AEJ33739.1|	139
NC_015119.1:1426-2962	gi|338970876|gb|AEJ33751.1|	139
NC_015119.1:1426-2962	gi|338970880|gb|AEJ33753.1|	139
NC_015119.1:1426-2962	gi|338970888|gb|AEJ33757.1|	139
NC_015119.1:1426-2962	gi|338970896|gb|AEJ33761.1|	139
NC_015119.1:1426-2962	gi|338970900|gb|AEJ33763.1|	139
NC_015119.1:1426-2962	gi|338970904|gb|AEJ33765.1|	139
NC_015119.1:1426-2962	gi|338970908|gb|AEJ33767.1|	139
NC_015119.1:1426-2962	gi|338970788|gb|AEJ33707.1|	138
NC_015119.1:1426-2962	gi|338970884|gb|AEJ33755.1|	138
NC_015119.1:1426-2962	gi|338970770|gb|AEJ33698.1|	138
NC_015119.1:1426-2962	gi|338970892|gb|AEJ33759.1|	138
NC_015119.1:1426-2962	gi|338970810|gb|AEJ33718.1|	138
NC_015119.1:1426-2962	gi|338970808|gb|AEJ33717.1|	137
NC_015119.1:1426-2962	gi|338970812|gb|AEJ33719.1|	137
NC_015119.1:1426-2962	gi|338970830|gb|AEJ33728.1|	137
NC_015119.1:1426-2962	gi|338970842|gb|AEJ33734.1|	137
NC_015119.1:1426-2962	gi|338970820|gb|AEJ33723.1|	137
NC_015119.1:1426-2962	gi|338970832|gb|AEJ33729.1|	137
NC_015119.1:1426-2962	gi|338970840|gb|AEJ33733.1|	137
NC_015119.1:1426-2962	gi|338970722|gb|AEJ33674.1|	137
NC_015119.1:1426-2962	gi|338970726|gb|AEJ33676.1|	137
NC_015119.1:1426-2962	gi|338970730|gb|AEJ33678.1|	137
NC_015119.1:1426-2962	gi|338970738|gb|AEJ33682.1|	137
NC_015119.1:1426-2962	gi|338970742|gb|AEJ33684.1|	137
NC_015119.1:1426-2962	gi|338970746|gb|AEJ33686.1|	137
NC_015119.1:1426-2962	gi|338970750|gb|AEJ33688.1|	137
NC_015119.1:1426-2962	gi|338970754|gb|AEJ33690.1|	137
NC_015119.1:1426-2962	gi|338970758|gb|AEJ33692.1|	137
NC_015119.1:1426-2962	gi|338970762|gb|AEJ33694.1|	137
NC_015119.1:1426-2962	gi|338970766|gb|AEJ33696.1|	137
NC_015119.1:1426-2962	gi|338970724|gb|AEJ33675.1|	137
NC_015119.1:1426-2962	gi|338970728|gb|AEJ33677.1|	137
NC_015119.1:1426-2962	gi|338970732|gb|AEJ33679.1|	137
NC_015119.1:1426-2962	gi|338970736|gb|AEJ33681.1|	137
NC_015119.1:1426-2962	gi|338970740|gb|AEJ33683.1|	137
NC_015119.1:1426-2962	gi|338970744|gb|AEJ33685.1|	137
NC_015119.1:1426-2962	gi|338970748|gb|AEJ33687.1|	137
NC_015119.1:1426-2962	gi|338970752|gb|AEJ33689.1|	137
NC_015119.1:1426-2962	gi|338970756|gb|AEJ33691.1|	137
NC_015119.1:1426-2962	gi|338970764|gb|AEJ33695.1|	137
NC_015119.1:1426-2962	gi|338970734|gb|AEJ33680.1|	137
NC_015119.1:1426-2962	gi|338970720|gb|AEJ33673.1|	137
NC_015119.1:1426-2962	gi|392282153|gb|AFM53695.1|	137
NC_015119.1:1426-2962	gi|338970838|gb|AEJ33732.1|	136
NC_015119.1:1426-2962	gi|338970858|gb|AEJ33742.1|	136
NC_015119.1:1426-2962	gi|338970862|gb|AEJ33744.1|	136
NC_015119.1:1426-2962	gi|338970866|gb|AEJ33746.1|	136
NC_015119.1:1426-2962	gi|338970870|gb|AEJ33748.1|	136
NC_015119.1:1426-2962	gi|338970874|gb|AEJ33750.1|	136
NC_015119.1:1426-2962	gi|338970836|gb|AEJ33731.1|	136
NC_015119.1:1426-2962	gi|338970856|gb|AEJ33741.1|	136
NC_015119.1:1426-2962	gi|338970860|gb|AEJ33743.1|	136
NC_015119.1:1426-2962	gi|338970864|gb|AEJ33745.1|	136
NC_015119.1:1426-2962	gi|338970872|gb|AEJ33749.1|	136
NC_015119.1:1426-2962	gi|338970822|gb|AEJ33724.1|	136
NC_015119.1:1426-2962	gi|338970826|gb|AEJ33726.1|	136
NC_015119.1:1426-2962	gi|338970834|gb|AEJ33730.1|	136
NC_015119.1:1426-2962	gi|338970824|gb|AEJ33725.1|	136
NC_015119.1:1426-2962	gi|338970828|gb|AEJ33727.1|	136
NC_015119.1:1426-2962	gi|338970868|gb|AEJ33747.1|	136
NC_015119.1:1426-2962	gi|338970760|gb|AEJ33693.1|	135
NC_015119.1:1426-2962	gi|346722066|gb|AEO50750.1|	135
NC_015119.1:1426-2962	gi|346722064|gb|AEO50749.1|	134
NC_015119.1:1426-2962	gi|346722068|gb|AEO50751.1|	134
NC_015119.1:1426-2962	gi|402580522|gb|EJW74472.1|	133
NC_015119.1:1426-2962	gi|402580522|gb|EJW74472.1|	101
NC_015119.1:1426-2962	gi|402693622|gb|AFQ89878.1|	127
NC_015119.1:1426-2962	gi|402693626|gb|AFQ89880.1|	127
NC_015119.1:1426-2962	gi|402693630|gb|AFQ89882.1|	127
NC_015119.1:1426-2962	gi|402693634|gb|AFQ89884.1|	127
NC_015119.1:1426-2962	gi|402693638|gb|AFQ89886.1|	127
NC_015119.1:1426-2962	gi|402693620|gb|AFQ89877.1|	127
NC_015119.1:1426-2962	gi|402693624|gb|AFQ89879.1|	127
NC_015119.1:1426-2962	gi|402693628|gb|AFQ89881.1|	127
NC_015119.1:1426-2962	gi|402693632|gb|AFQ89883.1|	127
NC_015119.1:1426-2962	gi|402693636|gb|AFQ89885.1|	127
NC_015119.1:1426-2962	gi|402693640|gb|AFQ89887.1|	127
NC_015119.1:1426-2962	gi|407724932|dbj|BAM45503.1|	127
NC_015119.1:1426-2962	gi|400532651|gb|AFP87310.1|	126
NC_015119.1:1426-2962	gi|400532642|gb|AFP87306.1|	125
NC_015119.1:1426-2962	gi|400532653|gb|AFP87311.1|	125
NC_015119.1:1426-2962	gi|334717114|gb|AEG91022.1|	122
NC_015119.1:1426-2962	gi|334717118|gb|AEG91024.1|	122
NC_015119.1:1426-2962	gi|334717112|gb|AEG91021.1|	122
NC_015119.1:1426-2962	gi|334717116|gb|AEG91023.1|	122
NC_015119.1:1426-2962	gi|334717120|gb|AEG91025.1|	122
NC_015119.1:1426-2962	gi|334717122|gb|AEG91026.1|	121
NC_015119.1:1426-2962	gi|334717126|gb|AEG91028.1|	121
NC_015119.1:1426-2962	gi|334717124|gb|AEG91027.1|	121
NC_015119.1:1426-2962	gi|334717128|gb|AEG91029.1|	121
NC_015119.1:1426-2962	gi|400532649|gb|AFP87309.1|	121
NC_015119.1:1426-2962	gi|334717132|gb|AEG91031.1|	120
NC_015119.1:1426-2962	gi|329556561|gb|AEB91966.1|	119
NC_015119.1:1426-2962	gi|334717130|gb|AEG91030.1|	119
NC_015119.1:1426-2962	gi|400532640|gb|AFP87305.1|	116
NC_015119.1:1426-2962	gi|400532644|gb|AFP87307.1|	115
NC_015119.1:1426-2962	gi|407724934|dbj|BAM45504.1|	112
NC_015119.1:1426-2962	gi|400532647|gb|AFP87308.1|	107
NC_015119.1:1426-2962	gi|401802775|gb|AFQ20727.1|	90.5
NC_015119.1:1426-2962	gi|335352272|gb|AEH42433.1|	85.1
NC_015119.1:1426-2962	gi|335352276|gb|AEH42435.1|	85.1
NC_015119.1:1426-2962	gi|335352280|gb|AEH42437.1|	85.1
NC_015119.1:1426-2962	gi|335352284|gb|AEH42439.1|	85.1
NC_015119.1:1426-2962	gi|335352274|gb|AEH42434.1|	85.1
NC_015119.1:1426-2962	gi|335352278|gb|AEH42436.1|	85.1
NC_015119.1:1426-2962	gi|335352282|gb|AEH42438.1|	85.1
NC_015119.1:1426-2962	gi|335352286|gb|AEH42440.1|	85.1
NC_015119.1:1426-2962	gi|336287921|gb|AEI30249.1|	74.7
NC_015119.1:1426-2962	gi|336287921|gb|AEI30249.1|	26.6
NC_015119.1:1426-2962	gi|336287923|gb|AEI30250.1|	74.7
NC_015119.1:1426-2962	gi|336287923|gb|AEI30250.1|	26.6
NC_015119.1:1426-2962	gi|336287885|gb|AEI30231.1|	73.2
NC_015119.1:1426-2962	gi|336287885|gb|AEI30231.1|	26.6
NC_015119.1:1426-2962	gi|336287889|gb|AEI30233.1|	73.2
NC_015119.1:1426-2962	gi|336287889|gb|AEI30233.1|	26.6
NC_015119.1:1426-2962	gi|336287893|gb|AEI30235.1|	73.2
NC_015119.1:1426-2962	gi|336287893|gb|AEI30235.1|	26.6
NC_015119.1:1426-2962	gi|336287901|gb|AEI30239.1|	73.2
NC_015119.1:1426-2962	gi|336287901|gb|AEI30239.1|	26.6
NC_015119.1:1426-2962	gi|336287909|gb|AEI30243.1|	73.2
NC_015119.1:1426-2962	gi|336287909|gb|AEI30243.1|	26.6
NC_015119.1:1426-2962	gi|336287913|gb|AEI30245.1|	73.2
NC_015119.1:1426-2962	gi|336287913|gb|AEI30245.1|	26.6
NC_015119.1:1426-2962	gi|336287883|gb|AEI30230.1|	73.2
NC_015119.1:1426-2962	gi|336287883|gb|AEI30230.1|	26.6
NC_015119.1:1426-2962	gi|336287887|gb|AEI30232.1|	73.2
NC_015119.1:1426-2962	gi|336287887|gb|AEI30232.1|	26.6
NC_015119.1:1426-2962	gi|336287891|gb|AEI30234.1|	73.2
NC_015119.1:1426-2962	gi|336287891|gb|AEI30234.1|	26.6
NC_015119.1:1426-2962	gi|336287899|gb|AEI30238.1|	73.2
NC_015119.1:1426-2962	gi|336287899|gb|AEI30238.1|	26.6
NC_015119.1:1426-2962	gi|336287903|gb|AEI30240.1|	73.2
NC_015119.1:1426-2962	gi|336287903|gb|AEI30240.1|	26.6
NC_015119.1:1426-2962	gi|336287907|gb|AEI30242.1|	73.2
NC_015119.1:1426-2962	gi|336287907|gb|AEI30242.1|	26.6
NC_015119.1:1426-2962	gi|336287911|gb|AEI30244.1|	73.2
NC_015119.1:1426-2962	gi|336287911|gb|AEI30244.1|	26.6
NC_015119.1:1426-2962	gi|324524638|gb|ADY48446.1|	70.5
NC_015119.1:1426-2962	gi|336287905|gb|AEI30241.1|	72.8
NC_015119.1:1426-2962	gi|336287905|gb|AEI30241.1|	26.6
NC_015119.1:1426-2962	gi|336287915|gb|AEI30246.1|	72.4
NC_015119.1:1426-2962	gi|336287915|gb|AEI30246.1|	26.6
NC_015119.1:1426-2962	gi|336287919|gb|AEI30248.1|	72.4
NC_015119.1:1426-2962	gi|336287919|gb|AEI30248.1|	26.6
NC_015119.1:1426-2962	gi|336287881|gb|AEI30229.1|	70.9
NC_015119.1:1426-2962	gi|336287881|gb|AEI30229.1|	26.9
NC_015119.1:1426-2962	gi|336287897|gb|AEI30237.1|	70.9
NC_015119.1:1426-2962	gi|336287897|gb|AEI30237.1|	26.9
NC_015119.1:1426-2962	gi|336287895|gb|AEI30236.1|	70.9
NC_015119.1:1426-2962	gi|336287895|gb|AEI30236.1|	26.9
NC_015119.1:1426-2962	gi|336287917|gb|AEI30247.1|	71.2
NC_015119.1:1426-2962	gi|336287917|gb|AEI30247.1|	26.6
NC_015119.1:1426-2962	gi|324575380|gb|ADY49966.1|	61.6
NC_015119.1:1426-2962	gi|401664211|dbj|BAM36458.1|	57.4
NC_015119.1:1426-2962	gi|402169024|emb|CCK73368.1|	49.3
NC_015119.1:1426-2962	gi|324575366|gb|ADY49962.1|	40.0
NC_015119.1:1426-2962	gi|402575841|gb|EJW69801.1|	39.7
NC_015119.1:1426-2962	gi|402583242|gb|EJW77186.1|	34.7
NC_015119.1:1426-2962	gi|324575316|gb|ADY49947.1|	29.3
NC_015119.1:1426-2962	gi|402583579|gb|EJW77523.1|	30.4
