NC_015119.1:1426-2962	gi|224176451|dbj|BAH23580.1|	236
NC_015119.1:1426-2962	gi|224176459|dbj|BAH23582.1|	236
NC_015119.1:1426-2962	gi|224176447|dbj|BAH23579.1|	236
NC_015119.1:1426-2962	gi|224176455|dbj|BAH23581.1|	236
NC_015119.1:1426-2962	gi|256856180|dbj|BAI22683.1|	235
NC_015119.1:1426-2962	gi|256856182|dbj|BAI22684.1|	235
NC_015119.1:1426-2962	gi|283945429|dbj|BAI66460.1|	224
NC_015119.1:1426-2962	gi|283945427|dbj|BAI66459.1|	224
NC_015119.1:1426-2962	gi|283945431|dbj|BAI66461.1|	224
NC_015119.1:1426-2962	gi|284507069|dbj|BAI67602.1|	223
NC_015119.1:1426-2962	gi|284507063|dbj|BAI67601.1|	223
NC_015119.1:1426-2962	gi|284507059|dbj|BAI67600.1|	223
NC_015119.1:1426-2962	gi|404428917|gb|AFR68542.1|	218
NC_015119.1:1426-2962	gi|404428921|gb|AFR68544.1|	218
NC_015119.1:1426-2962	gi|404428915|gb|AFR68541.1|	218
NC_015119.1:1426-2962	gi|402234571|gb|AFQ37411.1|	218
NC_015119.1:1426-2962	gi|402234569|gb|AFQ37410.1|	218
NC_015119.1:1426-2962	gi|402234573|gb|AFQ37412.1|	218
NC_015119.1:1426-2962	gi|404428913|gb|AFR68540.1|	218
NC_015119.1:1426-2962	gi|404428925|gb|AFR68546.1|	218
NC_015119.1:1426-2962	gi|404428937|gb|AFR68552.1|	218
NC_015119.1:1426-2962	gi|404428941|gb|AFR68554.1|	218
NC_015119.1:1426-2962	gi|404428945|gb|AFR68556.1|	218
NC_015119.1:1426-2962	gi|404428953|gb|AFR68560.1|	218
NC_015119.1:1426-2962	gi|404428957|gb|AFR68562.1|	218
NC_015119.1:1426-2962	gi|404428961|gb|AFR68564.1|	218
NC_015119.1:1426-2962	gi|404428965|gb|AFR68566.1|	218
NC_015119.1:1426-2962	gi|404428973|gb|AFR68570.1|	218
NC_015119.1:1426-2962	gi|404428923|gb|AFR68545.1|	218
NC_015119.1:1426-2962	gi|404428927|gb|AFR68547.1|	218
NC_015119.1:1426-2962	gi|404428931|gb|AFR68549.1|	218
NC_015119.1:1426-2962	gi|404428935|gb|AFR68551.1|	218
NC_015119.1:1426-2962	gi|404428939|gb|AFR68553.1|	218
NC_015119.1:1426-2962	gi|404428943|gb|AFR68555.1|	218
NC_015119.1:1426-2962	gi|404428947|gb|AFR68557.1|	218
NC_015119.1:1426-2962	gi|404428959|gb|AFR68563.1|	218
NC_015119.1:1426-2962	gi|404428967|gb|AFR68567.1|	218
NC_015119.1:1426-2962	gi|404428975|gb|AFR68571.1|	218
NC_015119.1:1426-2962	gi|404428949|gb|AFR68558.1|	218
NC_015119.1:1426-2962	gi|404428969|gb|AFR68568.1|	218
NC_015119.1:1426-2962	gi|404428911|gb|AFR68539.1|	218
NC_015119.1:1426-2962	gi|404428919|gb|AFR68543.1|	218
NC_015119.1:1426-2962	gi|404428955|gb|AFR68561.1|	218
NC_015119.1:1426-2962	gi|404428971|gb|AFR68569.1|	218
NC_015119.1:1426-2962	gi|404428951|gb|AFR68559.1|	216
NC_015119.1:1426-2962	gi|404428963|gb|AFR68565.1|	216
NC_015119.1:1426-2962	gi|404428929|gb|AFR68548.1|	215
NC_015119.1:1426-2962	gi|402234575|gb|AFQ37413.1|	213
NC_015119.1:1426-2962	gi|404428933|gb|AFR68550.1|	213
NC_015119.1:1426-2962	gi|50981975|gb|AAT91657.1|	205
NC_015119.1:1426-2962	gi|50981997|gb|AAT91668.1|	205
NC_015119.1:1426-2962	gi|50982093|gb|AAT91716.1|	204
NC_015119.1:1426-2962	gi|50981971|gb|AAT91655.1|	203
NC_015119.1:1426-2962	gi|50982055|gb|AAT91697.1|	203
NC_015119.1:1426-2962	gi|50982091|gb|AAT91715.1|	203
NC_015119.1:1426-2962	gi|50981969|gb|AAT91654.1|	203
NC_015119.1:1426-2962	gi|50981967|gb|AAT91653.1|	203
NC_015119.1:1426-2962	gi|50982075|gb|AAT91707.1|	203
NC_015119.1:1426-2962	gi|50982069|gb|AAT91704.1|	203
NC_015119.1:1426-2962	gi|50982073|gb|AAT91706.1|	203
NC_015119.1:1426-2962	gi|50982039|gb|AAT91689.1|	203
NC_015119.1:1426-2962	gi|50982061|gb|AAT91700.1|	202
NC_015119.1:1426-2962	gi|50982013|gb|AAT91676.1|	202
NC_015119.1:1426-2962	gi|50982087|gb|AAT91713.1|	202
NC_015119.1:1426-2962	gi|50982065|gb|AAT91702.1|	202
NC_015119.1:1426-2962	gi|50982047|gb|AAT91693.1|	202
NC_015119.1:1426-2962	gi|50982077|gb|AAT91708.1|	202
NC_015119.1:1426-2962	gi|50981999|gb|AAT91669.1|	202
NC_015119.1:1426-2962	gi|50982053|gb|AAT91696.1|	202
NC_015119.1:1426-2962	gi|50981993|gb|AAT91666.1|	202
NC_015119.1:1426-2962	gi|50981963|gb|AAT91651.1|	201
NC_015119.1:1426-2962	gi|50982019|gb|AAT91679.1|	201
NC_015119.1:1426-2962	gi|50982035|gb|AAT91687.1|	201
NC_015119.1:1426-2962	gi|50982009|gb|AAT91674.1|	201
NC_015119.1:1426-2962	gi|50982049|gb|AAT91694.1|	201
NC_015119.1:1426-2962	gi|50982071|gb|AAT91705.1|	201
NC_015119.1:1426-2962	gi|50981991|gb|AAT91665.1|	201
NC_015119.1:1426-2962	gi|50981979|gb|AAT91659.1|	201
NC_015119.1:1426-2962	gi|50981983|gb|AAT91661.1|	201
NC_015119.1:1426-2962	gi|50982023|gb|AAT91681.1|	201
NC_015119.1:1426-2962	gi|50981995|gb|AAT91667.1|	201
NC_015119.1:1426-2962	gi|50982067|gb|AAT91703.1|	201
NC_015119.1:1426-2962	gi|50981965|gb|AAT91652.1|	201
NC_015119.1:1426-2962	gi|50982007|gb|AAT91673.1|	201
NC_015119.1:1426-2962	gi|50982001|gb|AAT91670.1|	201
NC_015119.1:1426-2962	gi|50981959|gb|AAT91649.1|	201
NC_015119.1:1426-2962	gi|50982051|gb|AAT91695.1|	201
NC_015119.1:1426-2962	gi|50982027|gb|AAT91683.1|	201
NC_015119.1:1426-2962	gi|50981973|gb|AAT91656.1|	201
NC_015119.1:1426-2962	gi|50981989|gb|AAT91664.1|	200
NC_015119.1:1426-2962	gi|50981955|gb|AAT91647.1|	200
NC_015119.1:1426-2962	gi|50982029|gb|AAT91684.1|	200
NC_015119.1:1426-2962	gi|50982003|gb|AAT91671.1|	199
NC_015119.1:1426-2962	gi|50981977|gb|AAT91658.1|	199
NC_015119.1:1426-2962	gi|50982059|gb|AAT91699.1|	199
NC_015119.1:1426-2962	gi|50982043|gb|AAT91691.1|	199
NC_015119.1:1426-2962	gi|50982015|gb|AAT91677.1|	199
NC_015119.1:1426-2962	gi|50982079|gb|AAT91709.1|	198
NC_015119.1:1426-2962	gi|50982025|gb|AAT91682.1|	198
NC_015119.1:1426-2962	gi|50982083|gb|AAT91711.1|	198
NC_015119.1:1426-2962	gi|50982081|gb|AAT91710.1|	198
NC_015119.1:1426-2962	gi|50982017|gb|AAT91678.1|	198
NC_015119.1:1426-2962	gi|50981957|gb|AAT91648.1|	198
NC_015119.1:1426-2962	gi|50982021|gb|AAT91680.1|	198
NC_015119.1:1426-2962	gi|50982045|gb|AAT91692.1|	198
NC_015119.1:1426-2962	gi|50981953|gb|AAT91646.1|	197
NC_015119.1:1426-2962	gi|50982033|gb|AAT91686.1|	197
NC_015119.1:1426-2962	gi|50981981|gb|AAT91660.1|	197
NC_015119.1:1426-2962	gi|50982041|gb|AAT91690.1|	197
NC_015119.1:1426-2962	gi|50982089|gb|AAT91714.1|	196
NC_015119.1:1426-2962	gi|50982085|gb|AAT91712.1|	196
NC_015119.1:1426-2962	gi|50982005|gb|AAT91672.1|	194
NC_015119.1:1426-2962	gi|50982057|gb|AAT91698.1|	192
NC_015119.1:1426-2962	gi|50982037|gb|AAT91688.1|	192
NC_015119.1:1426-2962	gi|50981961|gb|AAT91650.1|	191
NC_015119.1:1426-2962	gi|50982011|gb|AAT91675.1|	190
NC_015119.1:1426-2962	gi|50981987|gb|AAT91663.1|	190
NC_015119.1:1426-2962	gi|50981985|gb|AAT91662.1|	187
NC_015119.1:1426-2962	gi|50982031|gb|AAT91685.1|	186
NC_015119.1:1426-2962	gi|50982063|gb|AAT91701.1|	180
NC_015119.1:1426-2962	gi|395486326|gb|AFN67108.1|	167
NC_015119.1:1426-2962	gi|395486324|gb|AFN67107.1|	167
NC_015119.1:1426-2962	gi|395486322|gb|AFN67106.1|	167
NC_015119.1:1426-2962	gi|395486328|gb|AFN67109.1|	162
