NC_015119.1:1426-2962	gi|119637801|ref|YP_918966.1|	350
NC_015119.1:1426-2962	gi|119360188|ref|YP_913163.1|	344
NC_015119.1:1426-2962	gi|119655310|ref|YP_918977.1|	344
NC_015119.1:1426-2962	gi|124286770|ref|YP_001023661.1|	340
NC_015119.1:1426-2962	gi|110082720|ref|YP_665490.1|	338
NC_015119.1:1426-2962	gi|353526730|ref|YP_004927908.1|	330
NC_015119.1:1426-2962	gi|393716480|gb|AFN20656.1|	321
NC_015119.1:1426-2962	gi|400201800|ref|YP_006576256.1|	321
NC_015119.1:1426-2962	gi|307557814|gb|ADN52139.1|	318
NC_015119.1:1426-2962	gi|357018107|ref|YP_004935159.1|	318
NC_015119.1:1426-2962	gi|332164905|gb|AEE11945.1|	318
NC_015119.1:1426-2962	gi|357017815|ref|YP_004934847.1|	318
NC_015119.1:1426-2962	gi|5835446|ref|NP_008370.1|COX1_13186	318
NC_015119.1:1426-2962	gi|40548803|ref|NP_954717.1|	317
NC_015119.1:1426-2962	gi|307557827|gb|ADN52151.1|	317
NC_015119.1:1426-2962	gi|357018133|ref|YP_004935183.1|	317
NC_015119.1:1426-2962	gi|307375469|gb|ADN43962.1|	315
NC_015119.1:1426-2962	gi|357017996|ref|YP_004935014.1|	315
NC_015119.1:1426-2962	gi|299828995|ref|YP_003734888.1|	315
NC_015119.1:1426-2962	gi|302424149|gb|ADL39026.1|	315
NC_015119.1:1426-2962	gi|306960080|ref|YP_003875468.1|	315
NC_015119.1:1426-2962	gi|23395808|ref|NP_694905.1|	314
NC_015119.1:1426-2962	gi|406362774|dbj|BAM44915.1|	270
NC_015119.1:1426-2962	gi|406362778|dbj|BAM44917.1|	270
NC_015119.1:1426-2962	gi|406362782|dbj|BAM44919.1|	270
NC_015119.1:1426-2962	gi|406362776|dbj|BAM44916.1|	270
NC_015119.1:1426-2962	gi|406362780|dbj|BAM44918.1|	270
